h5tojson ./HIRDLS-Aura_L3ZFCN2O_v07-00-20-c02_2005d022-2008d077.he5
Using dbFile: /tmp/tmpn8yKow
init -- filePath: ./HIRDLS-Aura_L3ZFCN2O_v07-00-20-c02_2005d022-2008d077.he5 mode: r
dbFilePath: /tmp/tmpn8yKow mode: r+
Hdf5db __enter
initializing file
visit: HDFEOS name: Group
visit: HDFEOS/ADDITIONAL name: Group
visit: HDFEOS/ADDITIONAL/FILE_ATTRIBUTES name: Group
visit: HDFEOS/ZAS name: Group
visit: HDFEOS/ZAS/HIRDLS name: Group
visit: HDFEOS/ZAS/HIRDLS/Data Fields name: Group
visit: HDFEOS/ZAS/HIRDLS/Data Fields/Day name: Dataset
visit: HDFEOS/ZAS/HIRDLS/Data Fields/Latitude name: Dataset
visit: HDFEOS/ZAS/HIRDLS/Data Fields/LocalSolarTimeAscending name: Dataset
visit: HDFEOS/ZAS/HIRDLS/Data Fields/LocalSolarTimeDescending name: Dataset
visit: HDFEOS/ZAS/HIRDLS/Data Fields/Month name: Dataset
visit: HDFEOS/ZAS/HIRDLS/Data Fields/N2OAscending name: Dataset
visit: HDFEOS/ZAS/HIRDLS/Data Fields/N2OAscendingCovariance name: Dataset
visit: HDFEOS/ZAS/HIRDLS/Data Fields/N2OAscendingDataCount name: Dataset
visit: HDFEOS/ZAS/HIRDLS/Data Fields/N2OAscendingPrecision name: Dataset
visit: HDFEOS/ZAS/HIRDLS/Data Fields/N2OCombined name: Dataset
visit: HDFEOS/ZAS/HIRDLS/Data Fields/N2OCombinedCovariance name: Dataset
visit: HDFEOS/ZAS/HIRDLS/Data Fields/N2OCombinedDataCount name: Dataset
visit: HDFEOS/ZAS/HIRDLS/Data Fields/N2OCombinedPrecision name: Dataset
visit: HDFEOS/ZAS/HIRDLS/Data Fields/N2ODescending name: Dataset
visit: HDFEOS/ZAS/HIRDLS/Data Fields/N2ODescendingCovariance name: Dataset
visit: HDFEOS/ZAS/HIRDLS/Data Fields/N2ODescendingDataCount name: Dataset
visit: HDFEOS/ZAS/HIRDLS/Data Fields/N2ODescendingPrecision name: Dataset
visit: HDFEOS/ZAS/HIRDLS/Data Fields/Pressure name: Dataset
visit: HDFEOS/ZAS/HIRDLS/Data Fields/SolarZenithAngleAscending name: Dataset
visit: HDFEOS/ZAS/HIRDLS/Data Fields/SolarZenithAngleDescending name: Dataset
visit: HDFEOS/ZAS/HIRDLS/Data Fields/Time name: Dataset
visit: HDFEOS/ZAS/HIRDLS/Data Fields/Year name: Dataset
visit: HDFEOS/ZAS/HIRDLS/nCoeffs name: Dataset
visit: HDFEOS/ZAS/HIRDLS/nLats name: Dataset
visit: HDFEOS/ZAS/HIRDLS/nLevels name: Dataset
visit: HDFEOS/ZAS/HIRDLS/nTimes name: Dataset
visit: HDFEOS INFORMATION name: Group
visit: HDFEOS INFORMATION/StructMetadata.0 name: Dataset
visit: HDFEOS INFORMATION/coremetadata.0 name: Dataset
getUUIDByPath: [/]
getGroupObjByUuid(550f3760-6a2a-11e6-a230-04016789eb01)
dumpGroup alias: [/]
db.getAttributeItems(550f3760-6a2a-11e6-a230-04016789eb01)
dumpAttributes: 550f3760-6a2a-11e6-a230-04016789eb01
db.getLinkItems(550f3760-6a2a-11e6-a230-04016789eb01)
getGroupObjByUuid(550f3760-6a2a-11e6-a230-04016789eb01)
db.getLinkItemByUuid(550f3760-6a2a-11e6-a230-04016789eb01, [HDFEOS])
getGroupObjByUuid(550f3760-6a2a-11e6-a230-04016789eb01)
db.getLinkItemByUuid(550f3760-6a2a-11e6-a230-04016789eb01, [HDFEOS INFORMATION])
getGroupObjByUuid(550f3760-6a2a-11e6-a230-04016789eb01)
db.getCollection(groups)
getGroupObjByUuid(550f3761-6a2a-11e6-a230-04016789eb01)
dumpGroup alias: [/HDFEOS]
db.getAttributeItems(550f3761-6a2a-11e6-a230-04016789eb01)
dumpAttributes: 550f3761-6a2a-11e6-a230-04016789eb01
db.getLinkItems(550f3761-6a2a-11e6-a230-04016789eb01)
getGroupObjByUuid(550f3761-6a2a-11e6-a230-04016789eb01)
db.getLinkItemByUuid(550f3761-6a2a-11e6-a230-04016789eb01, [ADDITIONAL])
getGroupObjByUuid(550f3761-6a2a-11e6-a230-04016789eb01)
db.getLinkItemByUuid(550f3761-6a2a-11e6-a230-04016789eb01, [ZAS])
getGroupObjByUuid(550f3761-6a2a-11e6-a230-04016789eb01)
getGroupObjByUuid(550f3762-6a2a-11e6-a230-04016789eb01)
dumpGroup alias: [/HDFEOS/ADDITIONAL]
db.getAttributeItems(550f3762-6a2a-11e6-a230-04016789eb01)
dumpAttributes: 550f3762-6a2a-11e6-a230-04016789eb01
db.getLinkItems(550f3762-6a2a-11e6-a230-04016789eb01)
getGroupObjByUuid(550f3762-6a2a-11e6-a230-04016789eb01)
db.getLinkItemByUuid(550f3762-6a2a-11e6-a230-04016789eb01, [FILE_ATTRIBUTES])
getGroupObjByUuid(550f3762-6a2a-11e6-a230-04016789eb01)
getGroupObjByUuid(550f3763-6a2a-11e6-a230-04016789eb01)
dumpGroup alias: [/HDFEOS/ADDITIONAL/FILE_ATTRIBUTES]
db.getAttributeItems(550f3763-6a2a-11e6-a230-04016789eb01)
dumpAttributes: 550f3763-6a2a-11e6-a230-04016789eb01
dumpAttribute: [InstrumentName]
getAttributeItemByUuid(groups, 550f3763-6a2a-11e6-a230-04016789eb01, InstrumentName)
dumpAttribute: [ProcessLevel]
getAttributeItemByUuid(groups, 550f3763-6a2a-11e6-a230-04016789eb01, ProcessLevel)
dumpAttribute: [PGEVersion]
getAttributeItemByUuid(groups, 550f3763-6a2a-11e6-a230-04016789eb01, PGEVersion)
dumpAttribute: [HIRDLSFileType]
getAttributeItemByUuid(groups, 550f3763-6a2a-11e6-a230-04016789eb01, HIRDLSFileType)
dumpAttribute: [Period]
getAttributeItemByUuid(groups, 550f3763-6a2a-11e6-a230-04016789eb01, Period)
dumpAttribute: [identifier_product_doi]
getAttributeItemByUuid(groups, 550f3763-6a2a-11e6-a230-04016789eb01, identifier_product_doi)
db.getLinkItems(550f3763-6a2a-11e6-a230-04016789eb01)
getGroupObjByUuid(550f3763-6a2a-11e6-a230-04016789eb01)
getGroupObjByUuid(550f3764-6a2a-11e6-a230-04016789eb01)
dumpGroup alias: [/HDFEOS/ZAS]
db.getAttributeItems(550f3764-6a2a-11e6-a230-04016789eb01)
dumpAttributes: 550f3764-6a2a-11e6-a230-04016789eb01
db.getLinkItems(550f3764-6a2a-11e6-a230-04016789eb01)
getGroupObjByUuid(550f3764-6a2a-11e6-a230-04016789eb01)
db.getLinkItemByUuid(550f3764-6a2a-11e6-a230-04016789eb01, [HIRDLS])
getGroupObjByUuid(550f3764-6a2a-11e6-a230-04016789eb01)
getGroupObjByUuid(550f3765-6a2a-11e6-a230-04016789eb01)
dumpGroup alias: [/HDFEOS/ZAS/HIRDLS]
db.getAttributeItems(550f3765-6a2a-11e6-a230-04016789eb01)
dumpAttributes: 550f3765-6a2a-11e6-a230-04016789eb01
dumpAttribute: [VerticalCoordinate]
getAttributeItemByUuid(groups, 550f3765-6a2a-11e6-a230-04016789eb01, VerticalCoordinate)
dumpAttribute: [Pressure]
getAttributeItemByUuid(groups, 550f3765-6a2a-11e6-a230-04016789eb01, Pressure)
db.getLinkItems(550f3765-6a2a-11e6-a230-04016789eb01)
getGroupObjByUuid(550f3765-6a2a-11e6-a230-04016789eb01)
db.getLinkItemByUuid(550f3765-6a2a-11e6-a230-04016789eb01, [Data Fields])
getGroupObjByUuid(550f3765-6a2a-11e6-a230-04016789eb01)
db.getLinkItemByUuid(550f3765-6a2a-11e6-a230-04016789eb01, [nCoeffs])
getGroupObjByUuid(550f3765-6a2a-11e6-a230-04016789eb01)
db.getLinkItemByUuid(550f3765-6a2a-11e6-a230-04016789eb01, [nLats])
getGroupObjByUuid(550f3765-6a2a-11e6-a230-04016789eb01)
db.getLinkItemByUuid(550f3765-6a2a-11e6-a230-04016789eb01, [nLevels])
getGroupObjByUuid(550f3765-6a2a-11e6-a230-04016789eb01)
db.getLinkItemByUuid(550f3765-6a2a-11e6-a230-04016789eb01, [nTimes])
getGroupObjByUuid(550f3765-6a2a-11e6-a230-04016789eb01)
getGroupObjByUuid(550f3766-6a2a-11e6-a230-04016789eb01)
dumpGroup alias: [/HDFEOS/ZAS/HIRDLS/Data Fields]
db.getAttributeItems(550f3766-6a2a-11e6-a230-04016789eb01)
dumpAttributes: 550f3766-6a2a-11e6-a230-04016789eb01
db.getLinkItems(550f3766-6a2a-11e6-a230-04016789eb01)
getGroupObjByUuid(550f3766-6a2a-11e6-a230-04016789eb01)
db.getLinkItemByUuid(550f3766-6a2a-11e6-a230-04016789eb01, [Day])
getGroupObjByUuid(550f3766-6a2a-11e6-a230-04016789eb01)
db.getLinkItemByUuid(550f3766-6a2a-11e6-a230-04016789eb01, [Latitude])
getGroupObjByUuid(550f3766-6a2a-11e6-a230-04016789eb01)
db.getLinkItemByUuid(550f3766-6a2a-11e6-a230-04016789eb01, [LocalSolarTimeAscending])
getGroupObjByUuid(550f3766-6a2a-11e6-a230-04016789eb01)
db.getLinkItemByUuid(550f3766-6a2a-11e6-a230-04016789eb01, [LocalSolarTimeDescending])
getGroupObjByUuid(550f3766-6a2a-11e6-a230-04016789eb01)
db.getLinkItemByUuid(550f3766-6a2a-11e6-a230-04016789eb01, [Month])
getGroupObjByUuid(550f3766-6a2a-11e6-a230-04016789eb01)
db.getLinkItemByUuid(550f3766-6a2a-11e6-a230-04016789eb01, [N2OAscending])
getGroupObjByUuid(550f3766-6a2a-11e6-a230-04016789eb01)
db.getLinkItemByUuid(550f3766-6a2a-11e6-a230-04016789eb01, [N2OAscendingCovariance])
getGroupObjByUuid(550f3766-6a2a-11e6-a230-04016789eb01)
db.getLinkItemByUuid(550f3766-6a2a-11e6-a230-04016789eb01, [N2OAscendingDataCount])
getGroupObjByUuid(550f3766-6a2a-11e6-a230-04016789eb01)
db.getLinkItemByUuid(550f3766-6a2a-11e6-a230-04016789eb01, [N2OAscendingPrecision])
getGroupObjByUuid(550f3766-6a2a-11e6-a230-04016789eb01)
db.getLinkItemByUuid(550f3766-6a2a-11e6-a230-04016789eb01, [N2OCombined])
getGroupObjByUuid(550f3766-6a2a-11e6-a230-04016789eb01)
db.getLinkItemByUuid(550f3766-6a2a-11e6-a230-04016789eb01, [N2OCombinedCovariance])
getGroupObjByUuid(550f3766-6a2a-11e6-a230-04016789eb01)
db.getLinkItemByUuid(550f3766-6a2a-11e6-a230-04016789eb01, [N2OCombinedDataCount])
getGroupObjByUuid(550f3766-6a2a-11e6-a230-04016789eb01)
db.getLinkItemByUuid(550f3766-6a2a-11e6-a230-04016789eb01, [N2OCombinedPrecision])
getGroupObjByUuid(550f3766-6a2a-11e6-a230-04016789eb01)
db.getLinkItemByUuid(550f3766-6a2a-11e6-a230-04016789eb01, [N2ODescending])
getGroupObjByUuid(550f3766-6a2a-11e6-a230-04016789eb01)
db.getLinkItemByUuid(550f3766-6a2a-11e6-a230-04016789eb01, [N2ODescendingCovariance])
getGroupObjByUuid(550f3766-6a2a-11e6-a230-04016789eb01)
db.getLinkItemByUuid(550f3766-6a2a-11e6-a230-04016789eb01, [N2ODescendingDataCount])
getGroupObjByUuid(550f3766-6a2a-11e6-a230-04016789eb01)
db.getLinkItemByUuid(550f3766-6a2a-11e6-a230-04016789eb01, [N2ODescendingPrecision])
getGroupObjByUuid(550f3766-6a2a-11e6-a230-04016789eb01)
db.getLinkItemByUuid(550f3766-6a2a-11e6-a230-04016789eb01, [Pressure])
getGroupObjByUuid(550f3766-6a2a-11e6-a230-04016789eb01)
db.getLinkItemByUuid(550f3766-6a2a-11e6-a230-04016789eb01, [SolarZenithAngleAscending])
getGroupObjByUuid(550f3766-6a2a-11e6-a230-04016789eb01)
db.getLinkItemByUuid(550f3766-6a2a-11e6-a230-04016789eb01, [SolarZenithAngleDescending])
getGroupObjByUuid(550f3766-6a2a-11e6-a230-04016789eb01)
db.getLinkItemByUuid(550f3766-6a2a-11e6-a230-04016789eb01, [Time])
getGroupObjByUuid(550f3766-6a2a-11e6-a230-04016789eb01)
db.getLinkItemByUuid(550f3766-6a2a-11e6-a230-04016789eb01, [Year])
getGroupObjByUuid(550f3766-6a2a-11e6-a230-04016789eb01)
getGroupObjByUuid(550f3781-6a2a-11e6-a230-04016789eb01)
dumpGroup alias: [/HDFEOS INFORMATION]
db.getAttributeItems(550f3781-6a2a-11e6-a230-04016789eb01)
dumpAttributes: 550f3781-6a2a-11e6-a230-04016789eb01
dumpAttribute: [HDFEOSVersion]
getAttributeItemByUuid(groups, 550f3781-6a2a-11e6-a230-04016789eb01, HDFEOSVersion)
db.getLinkItems(550f3781-6a2a-11e6-a230-04016789eb01)
getGroupObjByUuid(550f3781-6a2a-11e6-a230-04016789eb01)
db.getLinkItemByUuid(550f3781-6a2a-11e6-a230-04016789eb01, [StructMetadata.0])
getGroupObjByUuid(550f3781-6a2a-11e6-a230-04016789eb01)
db.getLinkItemByUuid(550f3781-6a2a-11e6-a230-04016789eb01, [coremetadata.0])
getGroupObjByUuid(550f3781-6a2a-11e6-a230-04016789eb01)
db.getCollection(datasets)
dumpDataset: 550f3767-6a2a-11e6-a230-04016789eb01
getDatasetObjByUuid(550f3767-6a2a-11e6-a230-04016789eb01)
getDatasetObjByUuid(550f3767-6a2a-11e6-a230-04016789eb01)
dumpDataset alias: [/HDFEOS/ZAS/HIRDLS/Data Fields/Day]
db.getAttributeItems(550f3767-6a2a-11e6-a230-04016789eb01)
dumpAttributes: 550f3767-6a2a-11e6-a230-04016789eb01
dumpAttribute: [_FillValue]
getAttributeItemByUuid(datasets, 550f3767-6a2a-11e6-a230-04016789eb01, _FillValue)
dumpAttribute: [MissingValue]
getAttributeItemByUuid(datasets, 550f3767-6a2a-11e6-a230-04016789eb01, MissingValue)
dumpAttribute: [Title]
getAttributeItemByUuid(datasets, 550f3767-6a2a-11e6-a230-04016789eb01, Title)
dumpAttribute: [Units]
getAttributeItemByUuid(datasets, 550f3767-6a2a-11e6-a230-04016789eb01, Units)
dumpAttribute: [UniqueFieldDefinition]
getAttributeItemByUuid(datasets, 550f3767-6a2a-11e6-a230-04016789eb01, UniqueFieldDefinition)
dumpAttribute: [DIMENSION_LIST]
getAttributeItemByUuid(datasets, 550f3767-6a2a-11e6-a230-04016789eb01, DIMENSION_LIST)
getGroupObjByUuid(550f3780-6a2a-11e6-a230-04016789eb01)
getDatasetObjByUuid(550f3780-6a2a-11e6-a230-04016789eb01)
getDatasetObjByUuid(550f3767-6a2a-11e6-a230-04016789eb01)
dumpDataset: 550f3768-6a2a-11e6-a230-04016789eb01
getDatasetObjByUuid(550f3768-6a2a-11e6-a230-04016789eb01)
getDatasetObjByUuid(550f3768-6a2a-11e6-a230-04016789eb01)
dumpDataset alias: [/HDFEOS/ZAS/HIRDLS/Data Fields/Latitude]
db.getAttributeItems(550f3768-6a2a-11e6-a230-04016789eb01)
dumpAttributes: 550f3768-6a2a-11e6-a230-04016789eb01
dumpAttribute: [_FillValue]
getAttributeItemByUuid(datasets, 550f3768-6a2a-11e6-a230-04016789eb01, _FillValue)
dumpAttribute: [MissingValue]
getAttributeItemByUuid(datasets, 550f3768-6a2a-11e6-a230-04016789eb01, MissingValue)
dumpAttribute: [Title]
getAttributeItemByUuid(datasets, 550f3768-6a2a-11e6-a230-04016789eb01, Title)
dumpAttribute: [Units]
getAttributeItemByUuid(datasets, 550f3768-6a2a-11e6-a230-04016789eb01, Units)
dumpAttribute: [UniqueFieldDefinition]
getAttributeItemByUuid(datasets, 550f3768-6a2a-11e6-a230-04016789eb01, UniqueFieldDefinition)
dumpAttribute: [DIMENSION_LIST]
getAttributeItemByUuid(datasets, 550f3768-6a2a-11e6-a230-04016789eb01, DIMENSION_LIST)
getGroupObjByUuid(550f377e-6a2a-11e6-a230-04016789eb01)
getDatasetObjByUuid(550f377e-6a2a-11e6-a230-04016789eb01)
getDatasetObjByUuid(550f3768-6a2a-11e6-a230-04016789eb01)
dumpDataset: 550f3769-6a2a-11e6-a230-04016789eb01
getDatasetObjByUuid(550f3769-6a2a-11e6-a230-04016789eb01)
getDatasetObjByUuid(550f3769-6a2a-11e6-a230-04016789eb01)
dumpDataset alias: [/HDFEOS/ZAS/HIRDLS/Data Fields/LocalSolarTimeAscending]
db.getAttributeItems(550f3769-6a2a-11e6-a230-04016789eb01)
dumpAttributes: 550f3769-6a2a-11e6-a230-04016789eb01
dumpAttribute: [_FillValue]
getAttributeItemByUuid(datasets, 550f3769-6a2a-11e6-a230-04016789eb01, _FillValue)
dumpAttribute: [MissingValue]
getAttributeItemByUuid(datasets, 550f3769-6a2a-11e6-a230-04016789eb01, MissingValue)
dumpAttribute: [Title]
getAttributeItemByUuid(datasets, 550f3769-6a2a-11e6-a230-04016789eb01, Title)
dumpAttribute: [Units]
getAttributeItemByUuid(datasets, 550f3769-6a2a-11e6-a230-04016789eb01, Units)
dumpAttribute: [UniqueFieldDefinition]
getAttributeItemByUuid(datasets, 550f3769-6a2a-11e6-a230-04016789eb01, UniqueFieldDefinition)
dumpAttribute: [DIMENSION_LIST]
getAttributeItemByUuid(datasets, 550f3769-6a2a-11e6-a230-04016789eb01, DIMENSION_LIST)
getGroupObjByUuid(550f3780-6a2a-11e6-a230-04016789eb01)
getDatasetObjByUuid(550f3780-6a2a-11e6-a230-04016789eb01)
getGroupObjByUuid(550f377e-6a2a-11e6-a230-04016789eb01)
getDatasetObjByUuid(550f377e-6a2a-11e6-a230-04016789eb01)
getDatasetObjByUuid(550f3769-6a2a-11e6-a230-04016789eb01)
dumpDataset: 550f376a-6a2a-11e6-a230-04016789eb01
getDatasetObjByUuid(550f376a-6a2a-11e6-a230-04016789eb01)
getDatasetObjByUuid(550f376a-6a2a-11e6-a230-04016789eb01)
dumpDataset alias: [/HDFEOS/ZAS/HIRDLS/Data Fields/LocalSolarTimeDescending]
db.getAttributeItems(550f376a-6a2a-11e6-a230-04016789eb01)
dumpAttributes: 550f376a-6a2a-11e6-a230-04016789eb01
dumpAttribute: [DIMENSION_LIST]
getAttributeItemByUuid(datasets, 550f376a-6a2a-11e6-a230-04016789eb01, DIMENSION_LIST)
getGroupObjByUuid(550f3780-6a2a-11e6-a230-04016789eb01)
getDatasetObjByUuid(550f3780-6a2a-11e6-a230-04016789eb01)
getGroupObjByUuid(550f377e-6a2a-11e6-a230-04016789eb01)
getDatasetObjByUuid(550f377e-6a2a-11e6-a230-04016789eb01)
dumpAttribute: [_FillValue]
getAttributeItemByUuid(datasets, 550f376a-6a2a-11e6-a230-04016789eb01, _FillValue)
dumpAttribute: [MissingValue]
getAttributeItemByUuid(datasets, 550f376a-6a2a-11e6-a230-04016789eb01, MissingValue)
dumpAttribute: [Title]
getAttributeItemByUuid(datasets, 550f376a-6a2a-11e6-a230-04016789eb01, Title)
dumpAttribute: [Units]
getAttributeItemByUuid(datasets, 550f376a-6a2a-11e6-a230-04016789eb01, Units)
dumpAttribute: [UniqueFieldDefinition]
getAttributeItemByUuid(datasets, 550f376a-6a2a-11e6-a230-04016789eb01, UniqueFieldDefinition)
getDatasetObjByUuid(550f376a-6a2a-11e6-a230-04016789eb01)
dumpDataset: 550f376b-6a2a-11e6-a230-04016789eb01
getDatasetObjByUuid(550f376b-6a2a-11e6-a230-04016789eb01)
getDatasetObjByUuid(550f376b-6a2a-11e6-a230-04016789eb01)
dumpDataset alias: [/HDFEOS/ZAS/HIRDLS/Data Fields/Month]
db.getAttributeItems(550f376b-6a2a-11e6-a230-04016789eb01)
dumpAttributes: 550f376b-6a2a-11e6-a230-04016789eb01
dumpAttribute: [_FillValue]
getAttributeItemByUuid(datasets, 550f376b-6a2a-11e6-a230-04016789eb01, _FillValue)
dumpAttribute: [MissingValue]
getAttributeItemByUuid(datasets, 550f376b-6a2a-11e6-a230-04016789eb01, MissingValue)
dumpAttribute: [Title]
getAttributeItemByUuid(datasets, 550f376b-6a2a-11e6-a230-04016789eb01, Title)
dumpAttribute: [Units]
getAttributeItemByUuid(datasets, 550f376b-6a2a-11e6-a230-04016789eb01, Units)
dumpAttribute: [UniqueFieldDefinition]
getAttributeItemByUuid(datasets, 550f376b-6a2a-11e6-a230-04016789eb01, UniqueFieldDefinition)
dumpAttribute: [DIMENSION_LIST]
getAttributeItemByUuid(datasets, 550f376b-6a2a-11e6-a230-04016789eb01, DIMENSION_LIST)
getGroupObjByUuid(550f3780-6a2a-11e6-a230-04016789eb01)
getDatasetObjByUuid(550f3780-6a2a-11e6-a230-04016789eb01)
getDatasetObjByUuid(550f376b-6a2a-11e6-a230-04016789eb01)
dumpDataset: 550f376c-6a2a-11e6-a230-04016789eb01
getDatasetObjByUuid(550f376c-6a2a-11e6-a230-04016789eb01)
getDatasetObjByUuid(550f376c-6a2a-11e6-a230-04016789eb01)
dumpDataset alias: [/HDFEOS/ZAS/HIRDLS/Data Fields/N2OAscending]
db.getAttributeItems(550f376c-6a2a-11e6-a230-04016789eb01)
dumpAttributes: 550f376c-6a2a-11e6-a230-04016789eb01
dumpAttribute: [_FillValue]
getAttributeItemByUuid(datasets, 550f376c-6a2a-11e6-a230-04016789eb01, _FillValue)
dumpAttribute: [MissingValue]
getAttributeItemByUuid(datasets, 550f376c-6a2a-11e6-a230-04016789eb01, MissingValue)
dumpAttribute: [Title]
getAttributeItemByUuid(datasets, 550f376c-6a2a-11e6-a230-04016789eb01, Title)
dumpAttribute: [Units]
getAttributeItemByUuid(datasets, 550f376c-6a2a-11e6-a230-04016789eb01, Units)
dumpAttribute: [UniqueFieldDefinition]
getAttributeItemByUuid(datasets, 550f376c-6a2a-11e6-a230-04016789eb01, UniqueFieldDefinition)
dumpAttribute: [DIMENSION_LIST]
getAttributeItemByUuid(datasets, 550f376c-6a2a-11e6-a230-04016789eb01, DIMENSION_LIST)
getGroupObjByUuid(550f3780-6a2a-11e6-a230-04016789eb01)
getDatasetObjByUuid(550f3780-6a2a-11e6-a230-04016789eb01)
getGroupObjByUuid(550f377f-6a2a-11e6-a230-04016789eb01)
getDatasetObjByUuid(550f377f-6a2a-11e6-a230-04016789eb01)
getGroupObjByUuid(550f377e-6a2a-11e6-a230-04016789eb01)
getDatasetObjByUuid(550f377e-6a2a-11e6-a230-04016789eb01)
getGroupObjByUuid(550f377d-6a2a-11e6-a230-04016789eb01)
getDatasetObjByUuid(550f377d-6a2a-11e6-a230-04016789eb01)
getDatasetObjByUuid(550f376c-6a2a-11e6-a230-04016789eb01)
Hdf5db __exit
h5tojson HIRDLS-Aura_L3ZFCN2O_v07-00-20-c02_2005d022-2008d077.he5
Using dbFile: /tmp/tmpt1D4gM
init -- filePath: HIRDLS-Aura_L3ZFCN2O_v07-00-20-c02_2005d022-2008d077.he5 mode: r
dbFilePath: /tmp/tmpt1D4gM mode: r+
Hdf5db __enter
initializing file
visit: HDFEOS name: Group
visit: HDFEOS/ADDITIONAL name: Group
visit: HDFEOS/ADDITIONAL/FILE_ATTRIBUTES name: Group
visit: HDFEOS/ZAS name: Group
visit: HDFEOS/ZAS/HIRDLS name: Group
visit: HDFEOS/ZAS/HIRDLS/Data Fields name: Group
visit: HDFEOS/ZAS/HIRDLS/Data Fields/Day name: Dataset
visit: HDFEOS/ZAS/HIRDLS/Data Fields/Latitude name: Dataset
visit: HDFEOS/ZAS/HIRDLS/Data Fields/LocalSolarTimeAscending name: Dataset
visit: HDFEOS/ZAS/HIRDLS/Data Fields/LocalSolarTimeDescending name: Dataset
visit: HDFEOS/ZAS/HIRDLS/Data Fields/Month name: Dataset
visit: HDFEOS/ZAS/HIRDLS/Data Fields/N2OAscending name: Dataset
visit: HDFEOS/ZAS/HIRDLS/Data Fields/N2OAscendingCovariance name: Dataset
visit: HDFEOS/ZAS/HIRDLS/Data Fields/N2OAscendingDataCount name: Dataset
visit: HDFEOS/ZAS/HIRDLS/Data Fields/N2OAscendingPrecision name: Dataset
visit: HDFEOS/ZAS/HIRDLS/Data Fields/N2OCombined name: Dataset
visit: HDFEOS/ZAS/HIRDLS/Data Fields/N2OCombinedCovariance name: Dataset
visit: HDFEOS/ZAS/HIRDLS/Data Fields/N2OCombinedDataCount name: Dataset
visit: HDFEOS/ZAS/HIRDLS/Data Fields/N2OCombinedPrecision name: Dataset
visit: HDFEOS/ZAS/HIRDLS/Data Fields/N2ODescending name: Dataset
visit: HDFEOS/ZAS/HIRDLS/Data Fields/N2ODescendingCovariance name: Dataset
visit: HDFEOS/ZAS/HIRDLS/Data Fields/N2ODescendingDataCount name: Dataset
visit: HDFEOS/ZAS/HIRDLS/Data Fields/N2ODescendingPrecision name: Dataset
visit: HDFEOS/ZAS/HIRDLS/Data Fields/Pressure name: Dataset
visit: HDFEOS/ZAS/HIRDLS/Data Fields/SolarZenithAngleAscending name: Dataset
visit: HDFEOS/ZAS/HIRDLS/Data Fields/SolarZenithAngleDescending name: Dataset
visit: HDFEOS/ZAS/HIRDLS/Data Fields/Time name: Dataset
visit: HDFEOS/ZAS/HIRDLS/Data Fields/Year name: Dataset
visit: HDFEOS/ZAS/HIRDLS/nCoeffs name: Dataset
visit: HDFEOS/ZAS/HIRDLS/nLats name: Dataset
visit: HDFEOS/ZAS/HIRDLS/nLevels name: Dataset
visit: HDFEOS/ZAS/HIRDLS/nTimes name: Dataset
visit: HDFEOS INFORMATION name: Group
visit: HDFEOS INFORMATION/StructMetadata.0 name: Dataset
visit: HDFEOS INFORMATION/coremetadata.0 name: Dataset
getUUIDByPath: [/]
getGroupObjByUuid(ab49ae12-6a2a-11e6-a230-04016789eb01)
dumpGroup alias: [/]
db.getAttributeItems(ab49ae12-6a2a-11e6-a230-04016789eb01)
dumpAttributes: ab49ae12-6a2a-11e6-a230-04016789eb01
db.getLinkItems(ab49ae12-6a2a-11e6-a230-04016789eb01)
getGroupObjByUuid(ab49ae12-6a2a-11e6-a230-04016789eb01)
db.getLinkItemByUuid(ab49ae12-6a2a-11e6-a230-04016789eb01, [HDFEOS])
getGroupObjByUuid(ab49ae12-6a2a-11e6-a230-04016789eb01)
db.getLinkItemByUuid(ab49ae12-6a2a-11e6-a230-04016789eb01, [HDFEOS INFORMATION])
getGroupObjByUuid(ab49ae12-6a2a-11e6-a230-04016789eb01)
db.getCollection(groups)
getGroupObjByUuid(ab49ae13-6a2a-11e6-a230-04016789eb01)
dumpGroup alias: [/HDFEOS]
db.getAttributeItems(ab49ae13-6a2a-11e6-a230-04016789eb01)
dumpAttributes: ab49ae13-6a2a-11e6-a230-04016789eb01
db.getLinkItems(ab49ae13-6a2a-11e6-a230-04016789eb01)
getGroupObjByUuid(ab49ae13-6a2a-11e6-a230-04016789eb01)
db.getLinkItemByUuid(ab49ae13-6a2a-11e6-a230-04016789eb01, [ADDITIONAL])
getGroupObjByUuid(ab49ae13-6a2a-11e6-a230-04016789eb01)
db.getLinkItemByUuid(ab49ae13-6a2a-11e6-a230-04016789eb01, [ZAS])
getGroupObjByUuid(ab49ae13-6a2a-11e6-a230-04016789eb01)
getGroupObjByUuid(ab49ae14-6a2a-11e6-a230-04016789eb01)
dumpGroup alias: [/HDFEOS/ADDITIONAL]
db.getAttributeItems(ab49ae14-6a2a-11e6-a230-04016789eb01)
dumpAttributes: ab49ae14-6a2a-11e6-a230-04016789eb01
db.getLinkItems(ab49ae14-6a2a-11e6-a230-04016789eb01)
getGroupObjByUuid(ab49ae14-6a2a-11e6-a230-04016789eb01)
db.getLinkItemByUuid(ab49ae14-6a2a-11e6-a230-04016789eb01, [FILE_ATTRIBUTES])
getGroupObjByUuid(ab49ae14-6a2a-11e6-a230-04016789eb01)
getGroupObjByUuid(ab49ae15-6a2a-11e6-a230-04016789eb01)
dumpGroup alias: [/HDFEOS/ADDITIONAL/FILE_ATTRIBUTES]
db.getAttributeItems(ab49ae15-6a2a-11e6-a230-04016789eb01)
dumpAttributes: ab49ae15-6a2a-11e6-a230-04016789eb01
dumpAttribute: [InstrumentName]
getAttributeItemByUuid(groups, ab49ae15-6a2a-11e6-a230-04016789eb01, InstrumentName)
dumpAttribute: [ProcessLevel]
getAttributeItemByUuid(groups, ab49ae15-6a2a-11e6-a230-04016789eb01, ProcessLevel)
dumpAttribute: [PGEVersion]
getAttributeItemByUuid(groups, ab49ae15-6a2a-11e6-a230-04016789eb01, PGEVersion)
dumpAttribute: [HIRDLSFileType]
getAttributeItemByUuid(groups, ab49ae15-6a2a-11e6-a230-04016789eb01, HIRDLSFileType)
dumpAttribute: [Period]
getAttributeItemByUuid(groups, ab49ae15-6a2a-11e6-a230-04016789eb01, Period)
dumpAttribute: [identifier_product_doi]
getAttributeItemByUuid(groups, ab49ae15-6a2a-11e6-a230-04016789eb01, identifier_product_doi)
db.getLinkItems(ab49ae15-6a2a-11e6-a230-04016789eb01)
getGroupObjByUuid(ab49ae15-6a2a-11e6-a230-04016789eb01)
getGroupObjByUuid(ab49ae16-6a2a-11e6-a230-04016789eb01)
dumpGroup alias: [/HDFEOS/ZAS]
db.getAttributeItems(ab49ae16-6a2a-11e6-a230-04016789eb01)
dumpAttributes: ab49ae16-6a2a-11e6-a230-04016789eb01
db.getLinkItems(ab49ae16-6a2a-11e6-a230-04016789eb01)
getGroupObjByUuid(ab49ae16-6a2a-11e6-a230-04016789eb01)
db.getLinkItemByUuid(ab49ae16-6a2a-11e6-a230-04016789eb01, [HIRDLS])
getGroupObjByUuid(ab49ae16-6a2a-11e6-a230-04016789eb01)
getGroupObjByUuid(ab49ae17-6a2a-11e6-a230-04016789eb01)
dumpGroup alias: [/HDFEOS/ZAS/HIRDLS]
db.getAttributeItems(ab49ae17-6a2a-11e6-a230-04016789eb01)
dumpAttributes: ab49ae17-6a2a-11e6-a230-04016789eb01
dumpAttribute: [VerticalCoordinate]
getAttributeItemByUuid(groups, ab49ae17-6a2a-11e6-a230-04016789eb01, VerticalCoordinate)
dumpAttribute: [Pressure]
getAttributeItemByUuid(groups, ab49ae17-6a2a-11e6-a230-04016789eb01, Pressure)
db.getLinkItems(ab49ae17-6a2a-11e6-a230-04016789eb01)
getGroupObjByUuid(ab49ae17-6a2a-11e6-a230-04016789eb01)
db.getLinkItemByUuid(ab49ae17-6a2a-11e6-a230-04016789eb01, [Data Fields])
getGroupObjByUuid(ab49ae17-6a2a-11e6-a230-04016789eb01)
db.getLinkItemByUuid(ab49ae17-6a2a-11e6-a230-04016789eb01, [nCoeffs])
getGroupObjByUuid(ab49ae17-6a2a-11e6-a230-04016789eb01)
db.getLinkItemByUuid(ab49ae17-6a2a-11e6-a230-04016789eb01, [nLats])
getGroupObjByUuid(ab49ae17-6a2a-11e6-a230-04016789eb01)
db.getLinkItemByUuid(ab49ae17-6a2a-11e6-a230-04016789eb01, [nLevels])
getGroupObjByUuid(ab49ae17-6a2a-11e6-a230-04016789eb01)
db.getLinkItemByUuid(ab49ae17-6a2a-11e6-a230-04016789eb01, [nTimes])
getGroupObjByUuid(ab49ae17-6a2a-11e6-a230-04016789eb01)
getGroupObjByUuid(ab49ae18-6a2a-11e6-a230-04016789eb01)
dumpGroup alias: [/HDFEOS/ZAS/HIRDLS/Data Fields]
db.getAttributeItems(ab49ae18-6a2a-11e6-a230-04016789eb01)
dumpAttributes: ab49ae18-6a2a-11e6-a230-04016789eb01
db.getLinkItems(ab49ae18-6a2a-11e6-a230-04016789eb01)
getGroupObjByUuid(ab49ae18-6a2a-11e6-a230-04016789eb01)
db.getLinkItemByUuid(ab49ae18-6a2a-11e6-a230-04016789eb01, [Day])
getGroupObjByUuid(ab49ae18-6a2a-11e6-a230-04016789eb01)
db.getLinkItemByUuid(ab49ae18-6a2a-11e6-a230-04016789eb01, [Latitude])
getGroupObjByUuid(ab49ae18-6a2a-11e6-a230-04016789eb01)
db.getLinkItemByUuid(ab49ae18-6a2a-11e6-a230-04016789eb01, [LocalSolarTimeAscending])
getGroupObjByUuid(ab49ae18-6a2a-11e6-a230-04016789eb01)
db.getLinkItemByUuid(ab49ae18-6a2a-11e6-a230-04016789eb01, [LocalSolarTimeDescending])
getGroupObjByUuid(ab49ae18-6a2a-11e6-a230-04016789eb01)
db.getLinkItemByUuid(ab49ae18-6a2a-11e6-a230-04016789eb01, [Month])
getGroupObjByUuid(ab49ae18-6a2a-11e6-a230-04016789eb01)
db.getLinkItemByUuid(ab49ae18-6a2a-11e6-a230-04016789eb01, [N2OAscending])
getGroupObjByUuid(ab49ae18-6a2a-11e6-a230-04016789eb01)
db.getLinkItemByUuid(ab49ae18-6a2a-11e6-a230-04016789eb01, [N2OAscendingCovariance])
getGroupObjByUuid(ab49ae18-6a2a-11e6-a230-04016789eb01)
db.getLinkItemByUuid(ab49ae18-6a2a-11e6-a230-04016789eb01, [N2OAscendingDataCount])
getGroupObjByUuid(ab49ae18-6a2a-11e6-a230-04016789eb01)
db.getLinkItemByUuid(ab49ae18-6a2a-11e6-a230-04016789eb01, [N2OAscendingPrecision])
getGroupObjByUuid(ab49ae18-6a2a-11e6-a230-04016789eb01)
db.getLinkItemByUuid(ab49ae18-6a2a-11e6-a230-04016789eb01, [N2OCombined])
getGroupObjByUuid(ab49ae18-6a2a-11e6-a230-04016789eb01)
db.getLinkItemByUuid(ab49ae18-6a2a-11e6-a230-04016789eb01, [N2OCombinedCovariance])
getGroupObjByUuid(ab49ae18-6a2a-11e6-a230-04016789eb01)
db.getLinkItemByUuid(ab49ae18-6a2a-11e6-a230-04016789eb01, [N2OCombinedDataCount])
getGroupObjByUuid(ab49ae18-6a2a-11e6-a230-04016789eb01)
db.getLinkItemByUuid(ab49ae18-6a2a-11e6-a230-04016789eb01, [N2OCombinedPrecision])
getGroupObjByUuid(ab49ae18-6a2a-11e6-a230-04016789eb01)
db.getLinkItemByUuid(ab49ae18-6a2a-11e6-a230-04016789eb01, [N2ODescending])
getGroupObjByUuid(ab49ae18-6a2a-11e6-a230-04016789eb01)
db.getLinkItemByUuid(ab49ae18-6a2a-11e6-a230-04016789eb01, [N2ODescendingCovariance])
getGroupObjByUuid(ab49ae18-6a2a-11e6-a230-04016789eb01)
db.getLinkItemByUuid(ab49ae18-6a2a-11e6-a230-04016789eb01, [N2ODescendingDataCount])
getGroupObjByUuid(ab49ae18-6a2a-11e6-a230-04016789eb01)
db.getLinkItemByUuid(ab49ae18-6a2a-11e6-a230-04016789eb01, [N2ODescendingPrecision])
getGroupObjByUuid(ab49ae18-6a2a-11e6-a230-04016789eb01)
db.getLinkItemByUuid(ab49ae18-6a2a-11e6-a230-04016789eb01, [Pressure])
getGroupObjByUuid(ab49ae18-6a2a-11e6-a230-04016789eb01)
db.getLinkItemByUuid(ab49ae18-6a2a-11e6-a230-04016789eb01, [SolarZenithAngleAscending])
getGroupObjByUuid(ab49ae18-6a2a-11e6-a230-04016789eb01)
db.getLinkItemByUuid(ab49ae18-6a2a-11e6-a230-04016789eb01, [SolarZenithAngleDescending])
getGroupObjByUuid(ab49ae18-6a2a-11e6-a230-04016789eb01)
db.getLinkItemByUuid(ab49ae18-6a2a-11e6-a230-04016789eb01, [Time])
getGroupObjByUuid(ab49ae18-6a2a-11e6-a230-04016789eb01)
db.getLinkItemByUuid(ab49ae18-6a2a-11e6-a230-04016789eb01, [Year])
getGroupObjByUuid(ab49ae18-6a2a-11e6-a230-04016789eb01)
getGroupObjByUuid(ab49ae33-6a2a-11e6-a230-04016789eb01)
dumpGroup alias: [/HDFEOS INFORMATION]
db.getAttributeItems(ab49ae33-6a2a-11e6-a230-04016789eb01)
dumpAttributes: ab49ae33-6a2a-11e6-a230-04016789eb01
dumpAttribute: [HDFEOSVersion]
getAttributeItemByUuid(groups, ab49ae33-6a2a-11e6-a230-04016789eb01, HDFEOSVersion)
db.getLinkItems(ab49ae33-6a2a-11e6-a230-04016789eb01)
getGroupObjByUuid(ab49ae33-6a2a-11e6-a230-04016789eb01)
db.getLinkItemByUuid(ab49ae33-6a2a-11e6-a230-04016789eb01, [StructMetadata.0])
getGroupObjByUuid(ab49ae33-6a2a-11e6-a230-04016789eb01)
db.getLinkItemByUuid(ab49ae33-6a2a-11e6-a230-04016789eb01, [coremetadata.0])
getGroupObjByUuid(ab49ae33-6a2a-11e6-a230-04016789eb01)
db.getCollection(datasets)
dumpDataset: ab49ae19-6a2a-11e6-a230-04016789eb01
getDatasetObjByUuid(ab49ae19-6a2a-11e6-a230-04016789eb01)
getDatasetObjByUuid(ab49ae19-6a2a-11e6-a230-04016789eb01)
dumpDataset alias: [/HDFEOS/ZAS/HIRDLS/Data Fields/Day]
db.getAttributeItems(ab49ae19-6a2a-11e6-a230-04016789eb01)
dumpAttributes: ab49ae19-6a2a-11e6-a230-04016789eb01
dumpAttribute: [_FillValue]
getAttributeItemByUuid(datasets, ab49ae19-6a2a-11e6-a230-04016789eb01, _FillValue)
dumpAttribute: [MissingValue]
getAttributeItemByUuid(datasets, ab49ae19-6a2a-11e6-a230-04016789eb01, MissingValue)
dumpAttribute: [Title]
getAttributeItemByUuid(datasets, ab49ae19-6a2a-11e6-a230-04016789eb01, Title)
dumpAttribute: [Units]
getAttributeItemByUuid(datasets, ab49ae19-6a2a-11e6-a230-04016789eb01, Units)
dumpAttribute: [UniqueFieldDefinition]
getAttributeItemByUuid(datasets, ab49ae19-6a2a-11e6-a230-04016789eb01, UniqueFieldDefinition)
dumpAttribute: [DIMENSION_LIST]
getAttributeItemByUuid(datasets, ab49ae19-6a2a-11e6-a230-04016789eb01, DIMENSION_LIST)
getGroupObjByUuid(ab49ae32-6a2a-11e6-a230-04016789eb01)
getDatasetObjByUuid(ab49ae32-6a2a-11e6-a230-04016789eb01)
getDatasetObjByUuid(ab49ae19-6a2a-11e6-a230-04016789eb01)
dumpDataset: ab49ae1a-6a2a-11e6-a230-04016789eb01
getDatasetObjByUuid(ab49ae1a-6a2a-11e6-a230-04016789eb01)
getDatasetObjByUuid(ab49ae1a-6a2a-11e6-a230-04016789eb01)
dumpDataset alias: [/HDFEOS/ZAS/HIRDLS/Data Fields/Latitude]
db.getAttributeItems(ab49ae1a-6a2a-11e6-a230-04016789eb01)
dumpAttributes: ab49ae1a-6a2a-11e6-a230-04016789eb01
dumpAttribute: [_FillValue]
getAttributeItemByUuid(datasets, ab49ae1a-6a2a-11e6-a230-04016789eb01, _FillValue)
dumpAttribute: [MissingValue]
getAttributeItemByUuid(datasets, ab49ae1a-6a2a-11e6-a230-04016789eb01, MissingValue)
dumpAttribute: [Title]
getAttributeItemByUuid(datasets, ab49ae1a-6a2a-11e6-a230-04016789eb01, Title)
dumpAttribute: [Units]
getAttributeItemByUuid(datasets, ab49ae1a-6a2a-11e6-a230-04016789eb01, Units)
dumpAttribute: [UniqueFieldDefinition]
getAttributeItemByUuid(datasets, ab49ae1a-6a2a-11e6-a230-04016789eb01, UniqueFieldDefinition)
dumpAttribute: [DIMENSION_LIST]
getAttributeItemByUuid(datasets, ab49ae1a-6a2a-11e6-a230-04016789eb01, DIMENSION_LIST)
getGroupObjByUuid(ab49ae30-6a2a-11e6-a230-04016789eb01)
getDatasetObjByUuid(ab49ae30-6a2a-11e6-a230-04016789eb01)
getDatasetObjByUuid(ab49ae1a-6a2a-11e6-a230-04016789eb01)
dumpDataset: ab49ae1b-6a2a-11e6-a230-04016789eb01
getDatasetObjByUuid(ab49ae1b-6a2a-11e6-a230-04016789eb01)
getDatasetObjByUuid(ab49ae1b-6a2a-11e6-a230-04016789eb01)
dumpDataset alias: [/HDFEOS/ZAS/HIRDLS/Data Fields/LocalSolarTimeAscending]
db.getAttributeItems(ab49ae1b-6a2a-11e6-a230-04016789eb01)
dumpAttributes: ab49ae1b-6a2a-11e6-a230-04016789eb01
dumpAttribute: [_FillValue]
getAttributeItemByUuid(datasets, ab49ae1b-6a2a-11e6-a230-04016789eb01, _FillValue)
dumpAttribute: [MissingValue]
getAttributeItemByUuid(datasets, ab49ae1b-6a2a-11e6-a230-04016789eb01, MissingValue)
dumpAttribute: [Title]
getAttributeItemByUuid(datasets, ab49ae1b-6a2a-11e6-a230-04016789eb01, Title)
dumpAttribute: [Units]
getAttributeItemByUuid(datasets, ab49ae1b-6a2a-11e6-a230-04016789eb01, Units)
dumpAttribute: [UniqueFieldDefinition]
getAttributeItemByUuid(datasets, ab49ae1b-6a2a-11e6-a230-04016789eb01, UniqueFieldDefinition)
dumpAttribute: [DIMENSION_LIST]
getAttributeItemByUuid(datasets, ab49ae1b-6a2a-11e6-a230-04016789eb01, DIMENSION_LIST)
getGroupObjByUuid(ab49ae32-6a2a-11e6-a230-04016789eb01)
getDatasetObjByUuid(ab49ae32-6a2a-11e6-a230-04016789eb01)
getGroupObjByUuid(ab49ae30-6a2a-11e6-a230-04016789eb01)
getDatasetObjByUuid(ab49ae30-6a2a-11e6-a230-04016789eb01)
getDatasetObjByUuid(ab49ae1b-6a2a-11e6-a230-04016789eb01)
dumpDataset: ab49ae1c-6a2a-11e6-a230-04016789eb01
getDatasetObjByUuid(ab49ae1c-6a2a-11e6-a230-04016789eb01)
getDatasetObjByUuid(ab49ae1c-6a2a-11e6-a230-04016789eb01)
dumpDataset alias: [/HDFEOS/ZAS/HIRDLS/Data Fields/LocalSolarTimeDescending]
db.getAttributeItems(ab49ae1c-6a2a-11e6-a230-04016789eb01)
dumpAttributes: ab49ae1c-6a2a-11e6-a230-04016789eb01
dumpAttribute: [DIMENSION_LIST]
getAttributeItemByUuid(datasets, ab49ae1c-6a2a-11e6-a230-04016789eb01, DIMENSION_LIST)
getGroupObjByUuid(ab49ae32-6a2a-11e6-a230-04016789eb01)
getDatasetObjByUuid(ab49ae32-6a2a-11e6-a230-04016789eb01)
getGroupObjByUuid(ab49ae30-6a2a-11e6-a230-04016789eb01)
getDatasetObjByUuid(ab49ae30-6a2a-11e6-a230-04016789eb01)
dumpAttribute: [_FillValue]
getAttributeItemByUuid(datasets, ab49ae1c-6a2a-11e6-a230-04016789eb01, _FillValue)
dumpAttribute: [MissingValue]
getAttributeItemByUuid(datasets, ab49ae1c-6a2a-11e6-a230-04016789eb01, MissingValue)
dumpAttribute: [Title]
getAttributeItemByUuid(datasets, ab49ae1c-6a2a-11e6-a230-04016789eb01, Title)
dumpAttribute: [Units]
getAttributeItemByUuid(datasets, ab49ae1c-6a2a-11e6-a230-04016789eb01, Units)
dumpAttribute: [UniqueFieldDefinition]
getAttributeItemByUuid(datasets, ab49ae1c-6a2a-11e6-a230-04016789eb01, UniqueFieldDefinition)
getDatasetObjByUuid(ab49ae1c-6a2a-11e6-a230-04016789eb01)
dumpDataset: ab49ae1d-6a2a-11e6-a230-04016789eb01
getDatasetObjByUuid(ab49ae1d-6a2a-11e6-a230-04016789eb01)
getDatasetObjByUuid(ab49ae1d-6a2a-11e6-a230-04016789eb01)
dumpDataset alias: [/HDFEOS/ZAS/HIRDLS/Data Fields/Month]
db.getAttributeItems(ab49ae1d-6a2a-11e6-a230-04016789eb01)
dumpAttributes: ab49ae1d-6a2a-11e6-a230-04016789eb01
dumpAttribute: [_FillValue]
getAttributeItemByUuid(datasets, ab49ae1d-6a2a-11e6-a230-04016789eb01, _FillValue)
dumpAttribute: [MissingValue]
getAttributeItemByUuid(datasets, ab49ae1d-6a2a-11e6-a230-04016789eb01, MissingValue)
dumpAttribute: [Title]
getAttributeItemByUuid(datasets, ab49ae1d-6a2a-11e6-a230-04016789eb01, Title)
dumpAttribute: [Units]
getAttributeItemByUuid(datasets, ab49ae1d-6a2a-11e6-a230-04016789eb01, Units)
dumpAttribute: [UniqueFieldDefinition]
getAttributeItemByUuid(datasets, ab49ae1d-6a2a-11e6-a230-04016789eb01, UniqueFieldDefinition)
dumpAttribute: [DIMENSION_LIST]
getAttributeItemByUuid(datasets, ab49ae1d-6a2a-11e6-a230-04016789eb01, DIMENSION_LIST)
getGroupObjByUuid(ab49ae32-6a2a-11e6-a230-04016789eb01)
getDatasetObjByUuid(ab49ae32-6a2a-11e6-a230-04016789eb01)
getDatasetObjByUuid(ab49ae1d-6a2a-11e6-a230-04016789eb01)
dumpDataset: ab49ae1e-6a2a-11e6-a230-04016789eb01
getDatasetObjByUuid(ab49ae1e-6a2a-11e6-a230-04016789eb01)
getDatasetObjByUuid(ab49ae1e-6a2a-11e6-a230-04016789eb01)
dumpDataset alias: [/HDFEOS/ZAS/HIRDLS/Data Fields/N2OAscending]
db.getAttributeItems(ab49ae1e-6a2a-11e6-a230-04016789eb01)
dumpAttributes: ab49ae1e-6a2a-11e6-a230-04016789eb01
dumpAttribute: [_FillValue]
getAttributeItemByUuid(datasets, ab49ae1e-6a2a-11e6-a230-04016789eb01, _FillValue)
dumpAttribute: [MissingValue]
getAttributeItemByUuid(datasets, ab49ae1e-6a2a-11e6-a230-04016789eb01, MissingValue)
dumpAttribute: [Title]
getAttributeItemByUuid(datasets, ab49ae1e-6a2a-11e6-a230-04016789eb01, Title)
dumpAttribute: [Units]
getAttributeItemByUuid(datasets, ab49ae1e-6a2a-11e6-a230-04016789eb01, Units)
dumpAttribute: [UniqueFieldDefinition]
getAttributeItemByUuid(datasets, ab49ae1e-6a2a-11e6-a230-04016789eb01, UniqueFieldDefinition)
dumpAttribute: [DIMENSION_LIST]
getAttributeItemByUuid(datasets, ab49ae1e-6a2a-11e6-a230-04016789eb01, DIMENSION_LIST)
getGroupObjByUuid(ab49ae32-6a2a-11e6-a230-04016789eb01)
getDatasetObjByUuid(ab49ae32-6a2a-11e6-a230-04016789eb01)
getGroupObjByUuid(ab49ae31-6a2a-11e6-a230-04016789eb01)
getDatasetObjByUuid(ab49ae31-6a2a-11e6-a230-04016789eb01)
getGroupObjByUuid(ab49ae30-6a2a-11e6-a230-04016789eb01)
getDatasetObjByUuid(ab49ae30-6a2a-11e6-a230-04016789eb01)
getGroupObjByUuid(ab49ae2f-6a2a-11e6-a230-04016789eb01)
getDatasetObjByUuid(ab49ae2f-6a2a-11e6-a230-04016789eb01)
getDatasetObjByUuid(ab49ae1e-6a2a-11e6-a230-04016789eb01)
Hdf5db __exit
